<?xml version="1.0" encoding="UTF-8"?>
<!-- Generated by org.testng.reporters.JUnitXMLReporter -->
<testsuite ignored="1" hostname="Sobhan-Nanduri" failures="0" tests="1" name="Default test" time="11.101" errors="0" timestamp="2025-11-10T01:20:45 IST">
  <testcase classname="tests.LoginTest" name="loginAndLogoutTest" time="4.997"/>
  <testcase classname="base.BaseTest" name="@BeforeSuite loadConfig" time="0.0">
    <ignored/>
  </testcase> <!-- @BeforeSuite loadConfig -->
</testsuite> <!-- Default test -->
