<?xml version="1.0" encoding="UTF-8"?>
<testng-results ignored="0" total="1" passed="1" failed="0" skipped="0">
  <reporter-output>
  </reporter-output>
  <suite started-at="2025-12-13T01:15:18 IST" name="Suite" finished-at="2025-12-13T01:15:31 IST" duration-ms="13478">
    <groups>
    </groups>
    <test started-at="2025-12-13T01:15:18 IST" name="Tests" finished-at="2025-12-13T01:15:31 IST" duration-ms="13478">
      <class name="tests.LoginTest">
        <test-method is-config="true" signature="loadConfig()[pri:0, instance:tests.LoginTest@3bd82cf5]" started-at="2025-12-13T01:15:18 IST" name="loadConfig" finished-at="2025-12-13T01:15:18 IST" duration-ms="13" status="PASS">
          <reporter-output>
          </reporter-output>
        </test-method> <!-- loadConfig -->
        <test-method is-config="true" signature="loadDriver()[pri:0, instance:tests.LoginTest@3bd82cf5]" started-at="2025-12-13T01:15:18 IST" name="loadDriver" finished-at="2025-12-13T01:15:26 IST" duration-ms="8171" status="PASS">
          <reporter-output>
          </reporter-output>
        </test-method> <!-- loadDriver -->
        <test-method signature="loginAndLogoutTest()[pri:0, instance:tests.LoginTest@3bd82cf5]" started-at="2025-12-13T01:15:26 IST" name="loginAndLogoutTest" finished-at="2025-12-13T01:15:31 IST" duration-ms="4878" status="PASS">
          <reporter-output>
          </reporter-output>
        </test-method> <!-- loginAndLogoutTest -->
        <test-method is-config="true" signature="tearDown()[pri:0, instance:tests.LoginTest@3bd82cf5]" started-at="2025-12-13T01:15:31 IST" name="tearDown" finished-at="2025-12-13T01:15:31 IST" duration-ms="399" status="PASS">
          <reporter-output>
          </reporter-output>
        </test-method> <!-- tearDown -->
      </class> <!-- tests.LoginTest -->
    </test> <!-- Tests -->
  </suite> <!-- Suite -->
</testng-results>
