<?xml version="1.0" encoding="UTF-8"?>
<testng-results ignored="0" total="1" passed="1" failed="0" skipped="0">
  <reporter-output>
  </reporter-output>
  <suite started-at="2025-11-10T01:20:34 IST" name="Default suite" finished-at="2025-11-10T01:20:45 IST" duration-ms="11101">
    <groups>
    </groups>
    <test started-at="2025-11-10T01:20:34 IST" name="Default test" finished-at="2025-11-10T01:20:45 IST" duration-ms="11101">
      <class name="tests.LoginTest">
        <test-method is-config="true" signature="loadConfig()[pri:0, instance:tests.LoginTest@5aebe890]" started-at="2025-11-10T01:20:34 IST" name="loadConfig" finished-at="2025-11-10T01:20:34 IST" duration-ms="9" status="PASS">
          <reporter-output>
          </reporter-output>
        </test-method> <!-- loadConfig -->
        <test-method is-config="true" signature="loadDriver()[pri:0, instance:tests.LoginTest@5aebe890]" started-at="2025-11-10T01:20:34 IST" name="loadDriver" finished-at="2025-11-10T01:20:39 IST" duration-ms="5234" status="PASS">
          <reporter-output>
          </reporter-output>
        </test-method> <!-- loadDriver -->
        <test-method signature="loginAndLogoutTest()[pri:0, instance:tests.LoginTest@5aebe890]" started-at="2025-11-10T01:20:39 IST" name="loginAndLogoutTest" finished-at="2025-11-10T01:20:44 IST" duration-ms="4997" status="PASS">
          <reporter-output>
          </reporter-output>
        </test-method> <!-- loginAndLogoutTest -->
        <test-method is-config="true" signature="tearDown()[pri:0, instance:tests.LoginTest@5aebe890]" started-at="2025-11-10T01:20:44 IST" name="tearDown" finished-at="2025-11-10T01:20:45 IST" duration-ms="829" status="PASS">
          <reporter-output>
          </reporter-output>
        </test-method> <!-- tearDown -->
      </class> <!-- tests.LoginTest -->
    </test> <!-- Default test -->
  </suite> <!-- Default suite -->
</testng-results>
